<?xml version="1.0" encoding="UTF-8"?>
<testsuite xmlns:xsi="http://www.w3.org/2001/XMLSchema-instance" xsi:noNamespaceSchemaLocation="https://maven.apache.org/surefire/maven-surefire-plugin/xsd/surefire-test-report-3.0.xsd" version="3.0" name="ch.sectioninformatique.auth.auth.AuthControllerIntegrationTest" time="13.608" tests="26" errors="0" skipped="0" failures="0">
  <properties>
[...]
</properties>
  <testcase name="register_missingLastName_shouldReturnBadRequest" classname="ch.sectioninformatique.auth.auth.AuthControllerIntegrationTest" time="0.218">
    <system-out><![CDATA[
  .   ____          _            __ _ _
 /\\ / ___'_ __ _ _(_)_ __  __ _ \ \ \ \
( ( )\___ | '_ | '_| | '_ \/ _` | \ \ \ \
 \\/  ___)| |_)| | | | | || (_| |  ) ) ) )
  '  |____| .__|_| |_|_| |_\__, | / / / /
 =========|_|==============|___/=/_/_/_/

 :: Spring Boot ::                (v3.3.5)

2025-10-23T08:43:51.590Z DEBUG 86 --- [spring-auth] [           main] swordEncoderAuthenticationManagerBuilder : No authenticationProviders and no parentAuthenticationManager defined. Returning null.
2025-10-23T08:43:52.721Z DEBUG 86 --- [spring-auth] [           main] o.s.s.web.DefaultSecurityFilterChain     : Will secure any request with filters: DisableEncodeUrlFilter, ForceEagerSessionCreationFilter, WebAsyncManagerIntegrationFilter, SecurityContextHolderFilter, HeaderWriterFilter, CorsFilter, LogoutFilter, OAuth2AuthorizationRequestRedirectFilter, OAuth2LoginAuthenticationFilter, JwtAuthFilter, RequestCacheAwareFilter, SecurityContextHolderAwareRequestFilter, AnonymousAuthenticationFilter, SessionManagementFilter, ExceptionTranslationFilter, AuthorizationFilter
Starting User Seeding...
User Seeding completed.
2025-10-23T08:43:55.113Z DEBUG 86 --- [spring-auth] [           main] o.s.security.web.FilterChainProxy        : Securing POST /auth/register
2025-10-23T08:43:55.131Z DEBUG 86 --- [spring-auth] [           main] .s.s.w.s.ForceEagerSessionCreationFilter : Created session eagerly
2025-10-23T08:43:55.143Z DEBUG 86 --- [spring-auth] [           main] o.s.s.w.a.AnonymousAuthenticationFilter  : Set SecurityContextHolder to anonymous SecurityContext
2025-10-23T08:43:55.151Z DEBUG 86 --- [spring-auth] [           main] o.s.security.web.FilterChainProxy        : Secured POST /auth/register
]]></system-out>
  </testcase>
  <testcase name="register_wrongContentType_shouldReturnUnsupportedMediaType" classname="ch.sectioninformatique.auth.auth.AuthControllerIntegrationTest" time="0.024">
    <system-out><![CDATA[2025-10-23T08:43:55.310Z DEBUG 86 --- [spring-auth] [           main] o.s.security.web.FilterChainProxy        : Securing POST /auth/register
2025-10-23T08:43:55.310Z DEBUG 86 --- [spring-auth] [           main] .s.s.w.s.ForceEagerSessionCreationFilter : Created session eagerly
2025-10-23T08:43:55.311Z DEBUG 86 --- [spring-auth] [           main] o.s.s.w.a.AnonymousAuthenticationFilter  : Set SecurityContextHolder to anonymous SecurityContext
2025-10-23T08:43:55.311Z DEBUG 86 --- [spring-auth] [           main] o.s.security.web.FilterChainProxy        : Secured POST /auth/register
]]></system-out>
  </testcase>
  <testcase name="register_missingFirstName_shouldReturnBadRequest" classname="ch.sectioninformatique.auth.auth.AuthControllerIntegrationTest" time="0.019">
    <system-out><![CDATA[2025-10-23T08:43:55.335Z DEBUG 86 --- [spring-auth] [           main] o.s.security.web.FilterChainProxy        : Securing POST /auth/register
2025-10-23T08:43:55.336Z DEBUG 86 --- [spring-auth] [           main] .s.s.w.s.ForceEagerSessionCreationFilter : Created session eagerly
2025-10-23T08:43:55.336Z DEBUG 86 --- [spring-auth] [           main] o.s.s.w.a.AnonymousAuthenticationFilter  : Set SecurityContextHolder to anonymous SecurityContext
2025-10-23T08:43:55.337Z DEBUG 86 --- [spring-auth] [           main] o.s.security.web.FilterChainProxy        : Secured POST /auth/register
]]></system-out>
  </testcase>
  <testcase name="login_sqlInjectionAttemptLogin_shouldReturnBadRequest" classname="ch.sectioninformatique.auth.auth.AuthControllerIntegrationTest" time="0.023">
    <system-out><![CDATA[2025-10-23T08:43:55.354Z DEBUG 86 --- [spring-auth] [           main] o.s.security.web.FilterChainProxy        : Securing POST /auth/login
2025-10-23T08:43:55.355Z DEBUG 86 --- [spring-auth] [           main] .s.s.w.s.ForceEagerSessionCreationFilter : Created session eagerly
2025-10-23T08:43:55.355Z DEBUG 86 --- [spring-auth] [           main] o.s.s.w.a.AnonymousAuthenticationFilter  : Set SecurityContextHolder to anonymous SecurityContext
2025-10-23T08:43:55.356Z DEBUG 86 --- [spring-auth] [           main] o.s.security.web.FilterChainProxy        : Secured POST /auth/login
]]></system-out>
  </testcase>
  <testcase name="refresh_invalidToken_shouldReturnUnauthorized" classname="ch.sectioninformatique.auth.auth.AuthControllerIntegrationTest" time="0.05">
    <system-out><![CDATA[2025-10-23T08:43:55.379Z DEBUG 86 --- [spring-auth] [           main] o.s.security.web.FilterChainProxy        : Securing GET /auth/refresh
2025-10-23T08:43:55.379Z DEBUG 86 --- [spring-auth] [           main] .s.s.w.s.ForceEagerSessionCreationFilter : Created session eagerly
]]></system-out>
  </testcase>
  <testcase name="register_sqlInjectionAttemptLogin_shouldReturnBadRequest" classname="ch.sectioninformatique.auth.auth.AuthControllerIntegrationTest" time="0.018">
    <system-out><![CDATA[2025-10-23T08:43:55.430Z DEBUG 86 --- [spring-auth] [           main] o.s.security.web.FilterChainProxy        : Securing POST /auth/register
2025-10-23T08:43:55.431Z DEBUG 86 --- [spring-auth] [           main] .s.s.w.s.ForceEagerSessionCreationFilter : Created session eagerly
2025-10-23T08:43:55.431Z DEBUG 86 --- [spring-auth] [           main] o.s.s.w.a.AnonymousAuthenticationFilter  : Set SecurityContextHolder to anonymous SecurityContext
2025-10-23T08:43:55.432Z DEBUG 86 --- [spring-auth] [           main] o.s.security.web.FilterChainProxy        : Secured POST /auth/register
]]></system-out>
  </testcase>
  <testcase name="register_duplicateLogin_shouldReturnConflict" classname="ch.sectioninformatique.auth.auth.AuthControllerIntegrationTest" time="0.04">
    <system-out><![CDATA[2025-10-23T08:43:55.449Z DEBUG 86 --- [spring-auth] [           main] o.s.security.web.FilterChainProxy        : Securing POST /auth/register
2025-10-23T08:43:55.450Z DEBUG 86 --- [spring-auth] [           main] .s.s.w.s.ForceEagerSessionCreationFilter : Created session eagerly
2025-10-23T08:43:55.450Z DEBUG 86 --- [spring-auth] [           main] o.s.s.w.a.AnonymousAuthenticationFilter  : Set SecurityContextHolder to anonymous SecurityContext
2025-10-23T08:43:55.451Z DEBUG 86 --- [spring-auth] [           main] o.s.security.web.FilterChainProxy        : Secured POST /auth/register
]]></system-out>
  </testcase>
  <testcase name="refresh_withRealData_shouldReturnSuccess" classname="ch.sectioninformatique.auth.auth.AuthControllerIntegrationTest" time="0.12">
    <system-out><![CDATA[2025-10-23T08:43:55.509Z DEBUG 86 --- [spring-auth] [           main] o.s.security.web.FilterChainProxy        : Securing GET /auth/refresh
2025-10-23T08:43:55.509Z DEBUG 86 --- [spring-auth] [           main] .s.s.w.s.ForceEagerSessionCreationFilter : Created session eagerly
2025-10-23T08:43:55.519Z DEBUG 86 --- [spring-auth] [           main] .s.ChangeSessionIdAuthenticationStrategy : Changed session id from 8
2025-10-23T08:43:55.523Z DEBUG 86 --- [spring-auth] [           main] w.c.HttpSessionSecurityContextRepository : Stored SecurityContextImpl [Authentication=UsernamePasswordAuthenticationToken [Principal=UserDto(id=null, firstName=null, lastName=null, login=test.user@test.com, token=null, refreshToken=null, mainRole=null, permissions=null), Credentials=[PROTECTED], Authenticated=true, Details=null, Granted Authorities=[]]] to HttpSession [org.springframework.mock.web.MockHttpSession@2c49bc22]
2025-10-23T08:43:55.523Z DEBUG 86 --- [spring-auth] [           main] o.s.security.web.FilterChainProxy        : Secured GET /auth/refresh
2025-10-23T08:43:55.526Z DEBUG 86 --- [spring-auth] [           main] horizationManagerBeforeMethodInterceptor : Authorizing method invocation ReflectiveMethodInvocation: public org.springframework.http.ResponseEntity ch.sectioninformatique.auth.auth.AuthController.refreshLogin(); target is of class [ch.sectioninformatique.auth.auth.AuthController]
2025-10-23T08:43:55.594Z DEBUG 86 --- [spring-auth] [           main] horizationManagerBeforeMethodInterceptor : Authorized method invocation ReflectiveMethodInvocation: public org.springframework.http.ResponseEntity ch.sectioninformatique.auth.auth.AuthController.refreshLogin(); target is of class [ch.sectioninformatique.auth.auth.AuthController]
]]></system-out>
  </testcase>
  <testcase name="register_missingPassword_shouldReturnBadRequest" classname="ch.sectioninformatique.auth.auth.AuthControllerIntegrationTest" time="0.017">
    <system-out><![CDATA[2025-10-23T08:43:55.610Z DEBUG 86 --- [spring-auth] [           main] o.s.security.web.FilterChainProxy        : Securing POST /auth/register
2025-10-23T08:43:55.611Z DEBUG 86 --- [spring-auth] [           main] .s.s.w.s.ForceEagerSessionCreationFilter : Created session eagerly
2025-10-23T08:43:55.611Z DEBUG 86 --- [spring-auth] [           main] o.s.s.w.a.AnonymousAuthenticationFilter  : Set SecurityContextHolder to anonymous SecurityContext
2025-10-23T08:43:55.611Z DEBUG 86 --- [spring-auth] [           main] o.s.security.web.FilterChainProxy        : Secured POST /auth/register
]]></system-out>
  </testcase>
  <testcase name="login_invalidEmailFormat_shouldReturnBadRequest" classname="ch.sectioninformatique.auth.auth.AuthControllerIntegrationTest" time="0.011">
    <system-out><![CDATA[2025-10-23T08:43:55.629Z DEBUG 86 --- [spring-auth] [           main] o.s.security.web.FilterChainProxy        : Securing POST /auth/login
2025-10-23T08:43:55.629Z DEBUG 86 --- [spring-auth] [           main] .s.s.w.s.ForceEagerSessionCreationFilter : Created session eagerly
2025-10-23T08:43:55.629Z DEBUG 86 --- [spring-auth] [           main] o.s.s.w.a.AnonymousAuthenticationFilter  : Set SecurityContextHolder to anonymous SecurityContext
2025-10-23T08:43:55.630Z DEBUG 86 --- [spring-auth] [           main] o.s.security.web.FilterChainProxy        : Secured POST /auth/login
]]></system-out>
  </testcase>
  <testcase name="register_malformedJson_shouldReturnBadRequest" classname="ch.sectioninformatique.auth.auth.AuthControllerIntegrationTest" time="0.016">
    <system-out><![CDATA[2025-10-23T08:43:55.641Z DEBUG 86 --- [spring-auth] [           main] o.s.security.web.FilterChainProxy        : Securing POST /auth/register
2025-10-23T08:43:55.641Z DEBUG 86 --- [spring-auth] [           main] .s.s.w.s.ForceEagerSessionCreationFilter : Created session eagerly
2025-10-23T08:43:55.642Z DEBUG 86 --- [spring-auth] [           main] o.s.s.w.a.AnonymousAuthenticationFilter  : Set SecurityContextHolder to anonymous SecurityContext
2025-10-23T08:43:55.642Z DEBUG 86 --- [spring-auth] [           main] o.s.security.web.FilterChainProxy        : Secured POST /auth/register
]]></system-out>
  </testcase>
  <testcase name="register_missingLogin_shouldReturnBadRequest" classname="ch.sectioninformatique.auth.auth.AuthControllerIntegrationTest" time="0.02">
    <system-out><![CDATA[2025-10-23T08:43:55.658Z DEBUG 86 --- [spring-auth] [           main] o.s.security.web.FilterChainProxy        : Securing POST /auth/register
2025-10-23T08:43:55.659Z DEBUG 86 --- [spring-auth] [           main] .s.s.w.s.ForceEagerSessionCreationFilter : Created session eagerly
2025-10-23T08:43:55.659Z DEBUG 86 --- [spring-auth] [           main] o.s.s.w.a.AnonymousAuthenticationFilter  : Set SecurityContextHolder to anonymous SecurityContext
2025-10-23T08:43:55.659Z DEBUG 86 --- [spring-auth] [           main] o.s.security.web.FilterChainProxy        : Secured POST /auth/register
]]></system-out>
  </testcase>
  <testcase name="login_wrongPassword_shouldReturnUnauthorized" classname="ch.sectioninformatique.auth.auth.AuthControllerIntegrationTest" time="0.08">
    <system-out><![CDATA[2025-10-23T08:43:55.678Z DEBUG 86 --- [spring-auth] [           main] o.s.security.web.FilterChainProxy        : Securing POST /auth/login
2025-10-23T08:43:55.678Z DEBUG 86 --- [spring-auth] [           main] .s.s.w.s.ForceEagerSessionCreationFilter : Created session eagerly
2025-10-23T08:43:55.679Z DEBUG 86 --- [spring-auth] [           main] o.s.s.w.a.AnonymousAuthenticationFilter  : Set SecurityContextHolder to anonymous SecurityContext
2025-10-23T08:43:55.679Z DEBUG 86 --- [spring-auth] [           main] o.s.security.web.FilterChainProxy        : Secured POST /auth/login
]]></system-out>
  </testcase>
  <testcase name="login_malformedJson_shouldReturnBadRequest" classname="ch.sectioninformatique.auth.auth.AuthControllerIntegrationTest" time="0.013">
    <system-out><![CDATA[2025-10-23T08:43:55.759Z DEBUG 86 --- [spring-auth] [           main] o.s.security.web.FilterChainProxy        : Securing POST /auth/login
2025-10-23T08:43:55.760Z DEBUG 86 --- [spring-auth] [           main] .s.s.w.s.ForceEagerSessionCreationFilter : Created session eagerly
2025-10-23T08:43:55.760Z DEBUG 86 --- [spring-auth] [           main] o.s.s.w.a.AnonymousAuthenticationFilter  : Set SecurityContextHolder to anonymous SecurityContext
2025-10-23T08:43:55.761Z DEBUG 86 --- [spring-auth] [           main] o.s.security.web.FilterChainProxy        : Secured POST /auth/login
]]></system-out>
  </testcase>
  <testcase name="login_missingLogin_shouldReturnBadRequest" classname="ch.sectioninformatique.auth.auth.AuthControllerIntegrationTest" time="0.01">
    <system-out><![CDATA[2025-10-23T08:43:55.772Z DEBUG 86 --- [spring-auth] [           main] o.s.security.web.FilterChainProxy        : Securing POST /auth/login
2025-10-23T08:43:55.773Z DEBUG 86 --- [spring-auth] [           main] .s.s.w.s.ForceEagerSessionCreationFilter : Created session eagerly
2025-10-23T08:43:55.773Z DEBUG 86 --- [spring-auth] [           main] o.s.s.w.a.AnonymousAuthenticationFilter  : Set SecurityContextHolder to anonymous SecurityContext
2025-10-23T08:43:55.773Z DEBUG 86 --- [spring-auth] [           main] o.s.security.web.FilterChainProxy        : Secured POST /auth/login
]]></system-out>
  </testcase>
  <testcase name="refresh_missingAuthorizationHeader_shouldReturnUnauthorized" classname="ch.sectioninformatique.auth.auth.AuthControllerIntegrationTest" time="0.027">
    <system-out><![CDATA[2025-10-23T08:43:55.784Z DEBUG 86 --- [spring-auth] [           main] o.s.security.web.FilterChainProxy        : Securing GET /auth/refresh
2025-10-23T08:43:55.784Z DEBUG 86 --- [spring-auth] [           main] .s.s.w.s.ForceEagerSessionCreationFilter : Created session eagerly
2025-10-23T08:43:55.785Z DEBUG 86 --- [spring-auth] [           main] o.s.s.w.a.AnonymousAuthenticationFilter  : Set SecurityContextHolder to anonymous SecurityContext
2025-10-23T08:43:55.794Z DEBUG 86 --- [spring-auth] [           main] o.s.s.w.s.HttpSessionRequestCache        : Saved request http://localhost/auth/refresh?continue to session
]]></system-out>
  </testcase>
  <testcase name="login_wrongContentType_shouldReturnUnsupportedMediaType" classname="ch.sectioninformatique.auth.auth.AuthControllerIntegrationTest" time="0.012">
    <system-out><![CDATA[2025-10-23T08:43:55.811Z DEBUG 86 --- [spring-auth] [           main] o.s.security.web.FilterChainProxy        : Securing POST /auth/login
2025-10-23T08:43:55.811Z DEBUG 86 --- [spring-auth] [           main] .s.s.w.s.ForceEagerSessionCreationFilter : Created session eagerly
2025-10-23T08:43:55.811Z DEBUG 86 --- [spring-auth] [           main] o.s.s.w.a.AnonymousAuthenticationFilter  : Set SecurityContextHolder to anonymous SecurityContext
2025-10-23T08:43:55.811Z DEBUG 86 --- [spring-auth] [           main] o.s.security.web.FilterChainProxy        : Secured POST /auth/login
]]></system-out>
  </testcase>
  <testcase name="login_withRealData_shouldReturnSuccess" classname="ch.sectioninformatique.auth.auth.AuthControllerIntegrationTest" time="0.074">
    <system-out><![CDATA[2025-10-23T08:43:55.824Z DEBUG 86 --- [spring-auth] [           main] o.s.security.web.FilterChainProxy        : Securing POST /auth/login
2025-10-23T08:43:55.824Z DEBUG 86 --- [spring-auth] [           main] .s.s.w.s.ForceEagerSessionCreationFilter : Created session eagerly
2025-10-23T08:43:55.824Z DEBUG 86 --- [spring-auth] [           main] o.s.s.w.a.AnonymousAuthenticationFilter  : Set SecurityContextHolder to anonymous SecurityContext
2025-10-23T08:43:55.824Z DEBUG 86 --- [spring-auth] [           main] o.s.security.web.FilterChainProxy        : Secured POST /auth/login
]]></system-out>
  </testcase>
  <testcase name="register_sqlInjectionAttemptFirstName_shouldReturnBadRequest" classname="ch.sectioninformatique.auth.auth.AuthControllerIntegrationTest" time="0.017">
    <system-out><![CDATA[2025-10-23T08:43:55.899Z DEBUG 86 --- [spring-auth] [           main] o.s.security.web.FilterChainProxy        : Securing POST /auth/register
2025-10-23T08:43:55.899Z DEBUG 86 --- [spring-auth] [           main] .s.s.w.s.ForceEagerSessionCreationFilter : Created session eagerly
2025-10-23T08:43:55.899Z DEBUG 86 --- [spring-auth] [           main] o.s.s.w.a.AnonymousAuthenticationFilter  : Set SecurityContextHolder to anonymous SecurityContext
2025-10-23T08:43:55.899Z DEBUG 86 --- [spring-auth] [           main] o.s.security.web.FilterChainProxy        : Secured POST /auth/register
]]></system-out>
  </testcase>
  <testcase name="login_emptyBody_shouldReturnBadRequest" classname="ch.sectioninformatique.auth.auth.AuthControllerIntegrationTest" time="0.011">
    <system-out><![CDATA[2025-10-23T08:43:55.918Z DEBUG 86 --- [spring-auth] [           main] o.s.security.web.FilterChainProxy        : Securing POST /auth/login
2025-10-23T08:43:55.918Z DEBUG 86 --- [spring-auth] [           main] .s.s.w.s.ForceEagerSessionCreationFilter : Created session eagerly
2025-10-23T08:43:55.918Z DEBUG 86 --- [spring-auth] [           main] o.s.s.w.a.AnonymousAuthenticationFilter  : Set SecurityContextHolder to anonymous SecurityContext
2025-10-23T08:43:55.919Z DEBUG 86 --- [spring-auth] [           main] o.s.security.web.FilterChainProxy        : Secured POST /auth/login
]]></system-out>
  </testcase>
  <testcase name="login_nonExistentUser_shouldReturnUnauthorized" classname="ch.sectioninformatique.auth.auth.AuthControllerIntegrationTest" time="0.013">
    <system-out><![CDATA[2025-10-23T08:43:55.928Z DEBUG 86 --- [spring-auth] [           main] o.s.security.web.FilterChainProxy        : Securing POST /auth/login
2025-10-23T08:43:55.929Z DEBUG 86 --- [spring-auth] [           main] .s.s.w.s.ForceEagerSessionCreationFilter : Created session eagerly
2025-10-23T08:43:55.929Z DEBUG 86 --- [spring-auth] [           main] o.s.s.w.a.AnonymousAuthenticationFilter  : Set SecurityContextHolder to anonymous SecurityContext
2025-10-23T08:43:55.929Z DEBUG 86 --- [spring-auth] [           main] o.s.security.web.FilterChainProxy        : Secured POST /auth/login
]]></system-out>
  </testcase>
  <testcase name="login_missingPassword_shouldReturnBadRequest" classname="ch.sectioninformatique.auth.auth.AuthControllerIntegrationTest" time="0.013">
    <system-out><![CDATA[2025-10-23T08:43:55.942Z DEBUG 86 --- [spring-auth] [           main] o.s.security.web.FilterChainProxy        : Securing POST /auth/login
2025-10-23T08:43:55.943Z DEBUG 86 --- [spring-auth] [           main] .s.s.w.s.ForceEagerSessionCreationFilter : Created session eagerly
2025-10-23T08:43:55.943Z DEBUG 86 --- [spring-auth] [           main] o.s.s.w.a.AnonymousAuthenticationFilter  : Set SecurityContextHolder to anonymous SecurityContext
2025-10-23T08:43:55.943Z DEBUG 86 --- [spring-auth] [           main] o.s.security.web.FilterChainProxy        : Secured POST /auth/login
]]></system-out>
  </testcase>
  <testcase name="register_withRealData_shouldReturnSuccess" classname="ch.sectioninformatique.auth.auth.AuthControllerIntegrationTest" time="0.094">
    <system-out><![CDATA[2025-10-23T08:43:55.956Z DEBUG 86 --- [spring-auth] [           main] o.s.security.web.FilterChainProxy        : Securing POST /auth/register
2025-10-23T08:43:55.956Z DEBUG 86 --- [spring-auth] [           main] .s.s.w.s.ForceEagerSessionCreationFilter : Created session eagerly
2025-10-23T08:43:55.957Z DEBUG 86 --- [spring-auth] [           main] o.s.s.w.a.AnonymousAuthenticationFilter  : Set SecurityContextHolder to anonymous SecurityContext
2025-10-23T08:43:55.957Z DEBUG 86 --- [spring-auth] [           main] o.s.security.web.FilterChainProxy        : Secured POST /auth/register
]]></system-out>
  </testcase>
  <testcase name="register_emptyBody_shouldReturnBadRequest" classname="ch.sectioninformatique.auth.auth.AuthControllerIntegrationTest" time="0.011">
    <system-out><![CDATA[2025-10-23T08:43:56.051Z DEBUG 86 --- [spring-auth] [           main] o.s.security.web.FilterChainProxy        : Securing POST /auth/register
2025-10-23T08:43:56.052Z DEBUG 86 --- [spring-auth] [           main] .s.s.w.s.ForceEagerSessionCreationFilter : Created session eagerly
2025-10-23T08:43:56.052Z DEBUG 86 --- [spring-auth] [           main] o.s.s.w.a.AnonymousAuthenticationFilter  : Set SecurityContextHolder to anonymous SecurityContext
2025-10-23T08:43:56.052Z DEBUG 86 --- [spring-auth] [           main] o.s.security.web.FilterChainProxy        : Secured POST /auth/register
]]></system-out>
  </testcase>
  <testcase name="register_invalidEmailFormat_shouldReturnBadRequest" classname="ch.sectioninformatique.auth.auth.AuthControllerIntegrationTest" time="0.011">
    <system-out><![CDATA[2025-10-23T08:43:56.063Z DEBUG 86 --- [spring-auth] [           main] o.s.security.web.FilterChainProxy        : Securing POST /auth/register
2025-10-23T08:43:56.063Z DEBUG 86 --- [spring-auth] [           main] .s.s.w.s.ForceEagerSessionCreationFilter : Created session eagerly
2025-10-23T08:43:56.064Z DEBUG 86 --- [spring-auth] [           main] o.s.s.w.a.AnonymousAuthenticationFilter  : Set SecurityContextHolder to anonymous SecurityContext
2025-10-23T08:43:56.064Z DEBUG 86 --- [spring-auth] [           main] o.s.security.web.FilterChainProxy        : Secured POST /auth/register
]]></system-out>
  </testcase>
  <testcase name="register_sqlInjectionAttemptLastName_shouldReturnBadRequest" classname="ch.sectioninformatique.auth.auth.AuthControllerIntegrationTest" time="0.017">
    <system-out><![CDATA[2025-10-23T08:43:56.075Z DEBUG 86 --- [spring-auth] [           main] o.s.security.web.FilterChainProxy        : Securing POST /auth/register
2025-10-23T08:43:56.075Z DEBUG 86 --- [spring-auth] [           main] .s.s.w.s.ForceEagerSessionCreationFilter : Created session eagerly
2025-10-23T08:43:56.076Z DEBUG 86 --- [spring-auth] [           main] o.s.s.w.a.AnonymousAuthenticationFilter  : Set SecurityContextHolder to anonymous SecurityContext
2025-10-23T08:43:56.076Z DEBUG 86 --- [spring-auth] [           main] o.s.security.web.FilterChainProxy        : Secured POST /auth/register
]]></system-out>
  </testcase>
</testsuite>