<?xml version="1.0" encoding="UTF-8"?>
<testsuite xmlns:xsi="http://www.w3.org/2001/XMLSchema-instance" xsi:noNamespaceSchemaLocation="https://maven.apache.org/surefire/maven-surefire-plugin/xsd/surefire-test-report-3.0.xsd" version="3.0" name="ch.sectioninformatique.auth.user.UserControllerIntegrationTest" time="0.52" tests="24" errors="0" skipped="0" failures="0">
  <properties>
[...]
</properties>
  <testcase name="promoteToAdmin_withRealData_shouldReturnSuccess" classname="ch.sectioninformatique.auth.user.UserControllerIntegrationTest" time="0.061">
    <system-out><![CDATA[2025-10-23T08:44:05.350Z DEBUG 86 --- [spring-auth] [           main] o.s.security.web.FilterChainProxy        : Securing PUT /users/2/promote-admin
2025-10-23T08:44:05.350Z DEBUG 86 --- [spring-auth] [           main] .s.s.w.s.ForceEagerSessionCreationFilter : Created session eagerly
2025-10-23T08:44:05.353Z DEBUG 86 --- [spring-auth] [           main] .s.ChangeSessionIdAuthenticationStrategy : Changed session id from 28
2025-10-23T08:44:05.353Z DEBUG 86 --- [spring-auth] [           main] w.c.HttpSessionSecurityContextRepository : Stored SecurityContextImpl [Authentication=UsernamePasswordAuthenticationToken [Principal=UserDto(id=3, firstName=Test, lastName=Admin, login=test.admin@test.com, token=eyJ0eXAiOiJKV1QiLCJhbGciOiJIUzI1NiJ9.eyJzdWIiOiJ0ZXN0LmFkbWluQHRlc3QuY29tIiwiZmlyc3ROYW1lIjoiVGVzdCIsImxhc3ROYW1lIjoiQWRtaW4iLCJtYWluUm9sZSI6IkFETUlOIiwiZXhwIjoxNzYxMjEyNjQ1LCJpYXQiOjE3NjEyMDkwNDV9.nwfk-J2pGrENcwjmUo-jJaZPdi8Gx5AfTsumD9jmZRc, refreshToken=null, mainRole=ADMIN, permissions=[SCOPE_openid, SCOPE_profile, SCOPE_email, SCOPE_User.Read]), Credentials=[PROTECTED], Authenticated=true, Details=null, Granted Authorities=[ROLE_ADMIN, user:delete, user:read, user:write, user:update, ROLE_ADMIN]]] to HttpSession [org.springframework.mock.web.MockHttpSession@6d01f471]
2025-10-23T08:44:05.353Z DEBUG 86 --- [spring-auth] [           main] o.s.security.web.FilterChainProxy        : Secured PUT /users/2/promote-admin
2025-10-23T08:44:05.354Z DEBUG 86 --- [spring-auth] [           main] horizationManagerBeforeMethodInterceptor : Authorizing method invocation ReflectiveMethodInvocation: public org.springframework.http.ResponseEntity ch.sectioninformatique.auth.user.UserController.promoteToAdmin(java.lang.Long); target is of class [ch.sectioninformatique.auth.user.UserController]
2025-10-23T08:44:05.360Z DEBUG 86 --- [spring-auth] [           main] horizationManagerBeforeMethodInterceptor : Authorized method invocation ReflectiveMethodInvocation: public org.springframework.http.ResponseEntity ch.sectioninformatique.auth.user.UserController.promoteToAdmin(java.lang.Long); target is of class [ch.sectioninformatique.auth.user.UserController]
]]></system-out>
  </testcase>
  <testcase name="revokeManagerRole_withRealData_shouldReturnSuccess" classname="ch.sectioninformatique.auth.user.UserControllerIntegrationTest" time="0.025">
    <system-out><![CDATA[2025-10-23T08:44:05.403Z DEBUG 86 --- [spring-auth] [           main] o.s.security.web.FilterChainProxy        : Securing PUT /users/2/revoke-manager
2025-10-23T08:44:05.403Z DEBUG 86 --- [spring-auth] [           main] .s.s.w.s.ForceEagerSessionCreationFilter : Created session eagerly
2025-10-23T08:44:05.405Z DEBUG 86 --- [spring-auth] [           main] .s.ChangeSessionIdAuthenticationStrategy : Changed session id from 30
2025-10-23T08:44:05.405Z DEBUG 86 --- [spring-auth] [           main] w.c.HttpSessionSecurityContextRepository : Stored SecurityContextImpl [Authentication=UsernamePasswordAuthenticationToken [Principal=UserDto(id=3, firstName=Test, lastName=Admin, login=test.admin@test.com, token=eyJ0eXAiOiJKV1QiLCJhbGciOiJIUzI1NiJ9.eyJzdWIiOiJ0ZXN0LmFkbWluQHRlc3QuY29tIiwiZmlyc3ROYW1lIjoiVGVzdCIsImxhc3ROYW1lIjoiQWRtaW4iLCJtYWluUm9sZSI6IkFETUlOIiwiZXhwIjoxNzYxMjEyNjQ1LCJpYXQiOjE3NjEyMDkwNDV9.nwfk-J2pGrENcwjmUo-jJaZPdi8Gx5AfTsumD9jmZRc, refreshToken=null, mainRole=ADMIN, permissions=[SCOPE_openid, SCOPE_profile, SCOPE_email, SCOPE_User.Read]), Credentials=[PROTECTED], Authenticated=true, Details=null, Granted Authorities=[ROLE_ADMIN, user:delete, user:read, user:write, user:update, ROLE_ADMIN]]] to HttpSession [org.springframework.mock.web.MockHttpSession@777bc5c0]
2025-10-23T08:44:05.405Z DEBUG 86 --- [spring-auth] [           main] o.s.security.web.FilterChainProxy        : Secured PUT /users/2/revoke-manager
2025-10-23T08:44:05.406Z DEBUG 86 --- [spring-auth] [           main] horizationManagerBeforeMethodInterceptor : Authorizing method invocation ReflectiveMethodInvocation: public org.springframework.http.ResponseEntity ch.sectioninformatique.auth.user.UserController.revokeManagerRole(java.lang.Long); target is of class [ch.sectioninformatique.auth.user.UserController]
2025-10-23T08:44:05.407Z DEBUG 86 --- [spring-auth] [           main] horizationManagerBeforeMethodInterceptor : Authorized method invocation ReflectiveMethodInvocation: public org.springframework.http.ResponseEntity ch.sectioninformatique.auth.user.UserController.revokeManagerRole(java.lang.Long); target is of class [ch.sectioninformatique.auth.user.UserController]
]]></system-out>
  </testcase>
  <testcase name="promoteToManager_missingAuthorizationHeader_shouldReturnUnauthorized" classname="ch.sectioninformatique.auth.user.UserControllerIntegrationTest" time="0.011">
    <system-out><![CDATA[2025-10-23T08:44:05.426Z DEBUG 86 --- [spring-auth] [           main] o.s.security.web.FilterChainProxy        : Securing PUT /users/1/promote-manager
2025-10-23T08:44:05.427Z DEBUG 86 --- [spring-auth] [           main] .s.s.w.s.ForceEagerSessionCreationFilter : Created session eagerly
2025-10-23T08:44:05.427Z DEBUG 86 --- [spring-auth] [           main] o.s.s.w.a.AnonymousAuthenticationFilter  : Set SecurityContextHolder to anonymous SecurityContext
2025-10-23T08:44:05.427Z DEBUG 86 --- [spring-auth] [           main] o.s.s.w.s.HttpSessionRequestCache        : Saved request http://localhost/users/1/promote-manager?continue to session
]]></system-out>
  </testcase>
  <testcase name="me_withExpiredToken_shouldReturnUnauthorized" classname="ch.sectioninformatique.auth.user.UserControllerIntegrationTest" time="0.014">
    <system-out><![CDATA[2025-10-23T08:44:05.438Z DEBUG 86 --- [spring-auth] [           main] o.s.security.web.FilterChainProxy        : Securing GET /users/me
2025-10-23T08:44:05.438Z DEBUG 86 --- [spring-auth] [           main] .s.s.w.s.ForceEagerSessionCreationFilter : Created session eagerly
]]></system-out>
  </testcase>
  <testcase name="revokeManagerRole_userNotFound_shouldReturnNotFound" classname="ch.sectioninformatique.auth.user.UserControllerIntegrationTest" time="0.021">
    <system-out><![CDATA[2025-10-23T08:44:05.452Z DEBUG 86 --- [spring-auth] [           main] o.s.security.web.FilterChainProxy        : Securing PUT /users/9999/revoke-manager
2025-10-23T08:44:05.453Z DEBUG 86 --- [spring-auth] [           main] .s.s.w.s.ForceEagerSessionCreationFilter : Created session eagerly
2025-10-23T08:44:05.455Z DEBUG 86 --- [spring-auth] [           main] .s.ChangeSessionIdAuthenticationStrategy : Changed session id from 34
2025-10-23T08:44:05.455Z DEBUG 86 --- [spring-auth] [           main] w.c.HttpSessionSecurityContextRepository : Stored SecurityContextImpl [Authentication=UsernamePasswordAuthenticationToken [Principal=UserDto(id=3, firstName=Test, lastName=Admin, login=test.admin@test.com, token=eyJ0eXAiOiJKV1QiLCJhbGciOiJIUzI1NiJ9.eyJzdWIiOiJ0ZXN0LmFkbWluQHRlc3QuY29tIiwiZmlyc3ROYW1lIjoiVGVzdCIsImxhc3ROYW1lIjoiQWRtaW4iLCJtYWluUm9sZSI6IkFETUlOIiwiZXhwIjoxNzYxMjEyNjQ1LCJpYXQiOjE3NjEyMDkwNDV9.nwfk-J2pGrENcwjmUo-jJaZPdi8Gx5AfTsumD9jmZRc, refreshToken=null, mainRole=ADMIN, permissions=[SCOPE_openid, SCOPE_profile, SCOPE_email, SCOPE_User.Read]), Credentials=[PROTECTED], Authenticated=true, Details=null, Granted Authorities=[ROLE_ADMIN, user:delete, user:read, user:write, user:update, ROLE_ADMIN]]] to HttpSession [org.springframework.mock.web.MockHttpSession@7c0ff038]
2025-10-23T08:44:05.456Z DEBUG 86 --- [spring-auth] [           main] o.s.security.web.FilterChainProxy        : Secured PUT /users/9999/revoke-manager
2025-10-23T08:44:05.456Z DEBUG 86 --- [spring-auth] [           main] horizationManagerBeforeMethodInterceptor : Authorizing method invocation ReflectiveMethodInvocation: public org.springframework.http.ResponseEntity ch.sectioninformatique.auth.user.UserController.revokeManagerRole(java.lang.Long); target is of class [ch.sectioninformatique.auth.user.UserController]
2025-10-23T08:44:05.456Z DEBUG 86 --- [spring-auth] [           main] horizationManagerBeforeMethodInterceptor : Authorized method invocation ReflectiveMethodInvocation: public org.springframework.http.ResponseEntity ch.sectioninformatique.auth.user.UserController.revokeManagerRole(java.lang.Long); target is of class [ch.sectioninformatique.auth.user.UserController]
]]></system-out>
  </testcase>
  <testcase name="revokeManagerRole_missingAuthorizationHeader_shouldReturnUnauthorized" classname="ch.sectioninformatique.auth.user.UserControllerIntegrationTest" time="0.015">
    <system-out><![CDATA[2025-10-23T08:44:05.474Z DEBUG 86 --- [spring-auth] [           main] o.s.security.web.FilterChainProxy        : Securing PUT /users/2/revoke-manager
2025-10-23T08:44:05.475Z DEBUG 86 --- [spring-auth] [           main] .s.s.w.s.ForceEagerSessionCreationFilter : Created session eagerly
2025-10-23T08:44:05.475Z DEBUG 86 --- [spring-auth] [           main] o.s.s.w.a.AnonymousAuthenticationFilter  : Set SecurityContextHolder to anonymous SecurityContext
2025-10-23T08:44:05.476Z DEBUG 86 --- [spring-auth] [           main] o.s.s.w.s.HttpSessionRequestCache        : Saved request http://localhost/users/2/revoke-manager?continue to session
]]></system-out>
  </testcase>
  <testcase name="all_withExpiredToken_shouldReturnUnauthorized" classname="ch.sectioninformatique.auth.user.UserControllerIntegrationTest" time="0.016">
    <system-out><![CDATA[2025-10-23T08:44:05.491Z DEBUG 86 --- [spring-auth] [           main] o.s.security.web.FilterChainProxy        : Securing GET /users/all
2025-10-23T08:44:05.491Z DEBUG 86 --- [spring-auth] [           main] .s.s.w.s.ForceEagerSessionCreationFilter : Created session eagerly
]]></system-out>
  </testcase>
  <testcase name="me_missingAuthorizationHeader_shouldReturnUnauthorized" classname="ch.sectioninformatique.auth.user.UserControllerIntegrationTest" time="0.008">
    <system-out><![CDATA[2025-10-23T08:44:05.503Z DEBUG 86 --- [spring-auth] [           main] o.s.security.web.FilterChainProxy        : Securing GET /users/me
2025-10-23T08:44:05.503Z DEBUG 86 --- [spring-auth] [           main] .s.s.w.s.ForceEagerSessionCreationFilter : Created session eagerly
2025-10-23T08:44:05.503Z DEBUG 86 --- [spring-auth] [           main] o.s.s.w.a.AnonymousAuthenticationFilter  : Set SecurityContextHolder to anonymous SecurityContext
2025-10-23T08:44:05.503Z DEBUG 86 --- [spring-auth] [           main] o.s.s.w.s.HttpSessionRequestCache        : Saved request http://localhost/users/me?continue to session
]]></system-out>
  </testcase>
  <testcase name="revokeManagerRole_asNonAdmin_shouldReturnForbidden" classname="ch.sectioninformatique.auth.user.UserControllerIntegrationTest" time="0.022">
    <system-out><![CDATA[2025-10-23T08:44:05.518Z DEBUG 86 --- [spring-auth] [           main] o.s.security.web.FilterChainProxy        : Securing PUT /users/2/revoke-manager
2025-10-23T08:44:05.518Z DEBUG 86 --- [spring-auth] [           main] .s.s.w.s.ForceEagerSessionCreationFilter : Created session eagerly
2025-10-23T08:44:05.521Z DEBUG 86 --- [spring-auth] [           main] .s.ChangeSessionIdAuthenticationStrategy : Changed session id from 39
2025-10-23T08:44:05.521Z DEBUG 86 --- [spring-auth] [           main] w.c.HttpSessionSecurityContextRepository : Stored SecurityContextImpl [Authentication=UsernamePasswordAuthenticationToken [Principal=UserDto(id=1, firstName=Test, lastName=User, login=test.user@test.com, token=eyJ0eXAiOiJKV1QiLCJhbGciOiJIUzI1NiJ9.eyJzdWIiOiJ0ZXN0LnVzZXJAdGVzdC5jb20iLCJmaXJzdE5hbWUiOiJUZXN0IiwibGFzdE5hbWUiOiJVc2VyIiwibWFpblJvbGUiOiJVU0VSIiwiZXhwIjoxNzYxMjEyNjQ1LCJpYXQiOjE3NjEyMDkwNDV9.r5gsR64t9rAYFPO-jR7IDZL5PSwhlnWIJOQ0TJaOcxw, refreshToken=null, mainRole=USER, permissions=[SCOPE_openid, SCOPE_profile, SCOPE_email, SCOPE_User.Read]), Credentials=[PROTECTED], Authenticated=true, Details=null, Granted Authorities=[ROLE_USER, ROLE_USER, user:read]]] to HttpSession [org.springframework.mock.web.MockHttpSession@2a97559f]
2025-10-23T08:44:05.522Z DEBUG 86 --- [spring-auth] [           main] o.s.security.web.FilterChainProxy        : Secured PUT /users/2/revoke-manager
2025-10-23T08:44:05.522Z DEBUG 86 --- [spring-auth] [           main] horizationManagerBeforeMethodInterceptor : Authorizing method invocation ReflectiveMethodInvocation: public org.springframework.http.ResponseEntity ch.sectioninformatique.auth.user.UserController.revokeManagerRole(java.lang.Long); target is of class [ch.sectioninformatique.auth.user.UserController]
2025-10-23T08:44:05.523Z DEBUG 86 --- [spring-auth] [           main] horizationManagerBeforeMethodInterceptor : Failed to authorize ReflectiveMethodInvocation: public org.springframework.http.ResponseEntity ch.sectioninformatique.auth.user.UserController.revokeManagerRole(java.lang.Long); target is of class [ch.sectioninformatique.auth.user.UserController] with authorization manager org.springframework.security.authorization.ObservationAuthorizationManager@34f8564d and decision ExpressionAuthorizationDecision [granted=false, expressionAttribute=hasAuthority('user:update')]
]]></system-out>
  </testcase>
  <testcase name="promoteToManager_userAlreadyAdmin_shouldReturnConflict" classname="ch.sectioninformatique.auth.user.UserControllerIntegrationTest" time="0.02">
    <system-out><![CDATA[2025-10-23T08:44:05.540Z DEBUG 86 --- [spring-auth] [           main] o.s.security.web.FilterChainProxy        : Securing PUT /users/3/promote-manager
2025-10-23T08:44:05.540Z DEBUG 86 --- [spring-auth] [           main] .s.s.w.s.ForceEagerSessionCreationFilter : Created session eagerly
2025-10-23T08:44:05.543Z DEBUG 86 --- [spring-auth] [           main] .s.ChangeSessionIdAuthenticationStrategy : Changed session id from 41
2025-10-23T08:44:05.543Z DEBUG 86 --- [spring-auth] [           main] w.c.HttpSessionSecurityContextRepository : Stored SecurityContextImpl [Authentication=UsernamePasswordAuthenticationToken [Principal=UserDto(id=3, firstName=Test, lastName=Admin, login=test.admin@test.com, token=eyJ0eXAiOiJKV1QiLCJhbGciOiJIUzI1NiJ9.eyJzdWIiOiJ0ZXN0LmFkbWluQHRlc3QuY29tIiwiZmlyc3ROYW1lIjoiVGVzdCIsImxhc3ROYW1lIjoiQWRtaW4iLCJtYWluUm9sZSI6IkFETUlOIiwiZXhwIjoxNzYxMjEyNjQ1LCJpYXQiOjE3NjEyMDkwNDV9.nwfk-J2pGrENcwjmUo-jJaZPdi8Gx5AfTsumD9jmZRc, refreshToken=null, mainRole=ADMIN, permissions=[SCOPE_openid, SCOPE_profile, SCOPE_email, SCOPE_User.Read]), Credentials=[PROTECTED], Authenticated=true, Details=null, Granted Authorities=[ROLE_ADMIN, user:delete, user:read, user:write, user:update, ROLE_ADMIN]]] to HttpSession [org.springframework.mock.web.MockHttpSession@7a9b56b2]
2025-10-23T08:44:05.544Z DEBUG 86 --- [spring-auth] [           main] o.s.security.web.FilterChainProxy        : Secured PUT /users/3/promote-manager
2025-10-23T08:44:05.544Z DEBUG 86 --- [spring-auth] [           main] horizationManagerBeforeMethodInterceptor : Authorizing method invocation ReflectiveMethodInvocation: public org.springframework.http.ResponseEntity ch.sectioninformatique.auth.user.UserController.promoteToManager(java.lang.Long); target is of class [ch.sectioninformatique.auth.user.UserController]
2025-10-23T08:44:05.545Z DEBUG 86 --- [spring-auth] [           main] horizationManagerBeforeMethodInterceptor : Authorized method invocation ReflectiveMethodInvocation: public org.springframework.http.ResponseEntity ch.sectioninformatique.auth.user.UserController.promoteToManager(java.lang.Long); target is of class [ch.sectioninformatique.auth.user.UserController]
]]></system-out>
  </testcase>
  <testcase name="promoteToManager_withRealData_shouldReturnSuccess" classname="ch.sectioninformatique.auth.user.UserControllerIntegrationTest" time="0.023">
    <system-out><![CDATA[2025-10-23T08:44:05.561Z DEBUG 86 --- [spring-auth] [           main] o.s.security.web.FilterChainProxy        : Securing PUT /users/1/promote-manager
2025-10-23T08:44:05.561Z DEBUG 86 --- [spring-auth] [           main] .s.s.w.s.ForceEagerSessionCreationFilter : Created session eagerly
2025-10-23T08:44:05.563Z DEBUG 86 --- [spring-auth] [           main] .s.ChangeSessionIdAuthenticationStrategy : Changed session id from 43
2025-10-23T08:44:05.563Z DEBUG 86 --- [spring-auth] [           main] w.c.HttpSessionSecurityContextRepository : Stored SecurityContextImpl [Authentication=UsernamePasswordAuthenticationToken [Principal=UserDto(id=3, firstName=Test, lastName=Admin, login=test.admin@test.com, token=eyJ0eXAiOiJKV1QiLCJhbGciOiJIUzI1NiJ9.eyJzdWIiOiJ0ZXN0LmFkbWluQHRlc3QuY29tIiwiZmlyc3ROYW1lIjoiVGVzdCIsImxhc3ROYW1lIjoiQWRtaW4iLCJtYWluUm9sZSI6IkFETUlOIiwiZXhwIjoxNzYxMjEyNjQ1LCJpYXQiOjE3NjEyMDkwNDV9.nwfk-J2pGrENcwjmUo-jJaZPdi8Gx5AfTsumD9jmZRc, refreshToken=null, mainRole=ADMIN, permissions=[SCOPE_openid, SCOPE_profile, SCOPE_email, SCOPE_User.Read]), Credentials=[PROTECTED], Authenticated=true, Details=null, Granted Authorities=[ROLE_ADMIN, user:delete, user:read, user:write, user:update, ROLE_ADMIN]]] to HttpSession [org.springframework.mock.web.MockHttpSession@687980fc]
2025-10-23T08:44:05.563Z DEBUG 86 --- [spring-auth] [           main] o.s.security.web.FilterChainProxy        : Secured PUT /users/1/promote-manager
2025-10-23T08:44:05.564Z DEBUG 86 --- [spring-auth] [           main] horizationManagerBeforeMethodInterceptor : Authorizing method invocation ReflectiveMethodInvocation: public org.springframework.http.ResponseEntity ch.sectioninformatique.auth.user.UserController.promoteToManager(java.lang.Long); target is of class [ch.sectioninformatique.auth.user.UserController]
2025-10-23T08:44:05.564Z DEBUG 86 --- [spring-auth] [           main] horizationManagerBeforeMethodInterceptor : Authorized method invocation ReflectiveMethodInvocation: public org.springframework.http.ResponseEntity ch.sectioninformatique.auth.user.UserController.promoteToManager(java.lang.Long); target is of class [ch.sectioninformatique.auth.user.UserController]
]]></system-out>
  </testcase>
  <testcase name="revokeManagerRole_withMalformedToken_shouldReturnUnauthorized" classname="ch.sectioninformatique.auth.user.UserControllerIntegrationTest" time="0.013">
    <system-out><![CDATA[2025-10-23T08:44:05.583Z DEBUG 86 --- [spring-auth] [           main] o.s.security.web.FilterChainProxy        : Securing PUT /users/2/revoke-manager
2025-10-23T08:44:05.584Z DEBUG 86 --- [spring-auth] [           main] .s.s.w.s.ForceEagerSessionCreationFilter : Created session eagerly
]]></system-out>
  </testcase>
  <testcase name="me_withRealData_shouldReturnSuccess" classname="ch.sectioninformatique.auth.user.UserControllerIntegrationTest" time="0.015">
    <system-out><![CDATA[2025-10-23T08:44:05.597Z DEBUG 86 --- [spring-auth] [           main] o.s.security.web.FilterChainProxy        : Securing GET /users/me
2025-10-23T08:44:05.597Z DEBUG 86 --- [spring-auth] [           main] .s.s.w.s.ForceEagerSessionCreationFilter : Created session eagerly
2025-10-23T08:44:05.598Z DEBUG 86 --- [spring-auth] [           main] .s.ChangeSessionIdAuthenticationStrategy : Changed session id from 46
2025-10-23T08:44:05.598Z DEBUG 86 --- [spring-auth] [           main] w.c.HttpSessionSecurityContextRepository : Stored SecurityContextImpl [Authentication=UsernamePasswordAuthenticationToken [Principal=UserDto(id=null, firstName=Test, lastName=User, login=test.user@test.com, token=null, refreshToken=null, mainRole=USER, permissions=null), Credentials=[PROTECTED], Authenticated=true, Details=null, Granted Authorities=[ROLE_USER, ROLE_USER, user:read]]] to HttpSession [org.springframework.mock.web.MockHttpSession@4bdac417]
2025-10-23T08:44:05.598Z DEBUG 86 --- [spring-auth] [           main] o.s.security.web.FilterChainProxy        : Secured GET /users/me
2025-10-23T08:44:05.598Z DEBUG 86 --- [spring-auth] [           main] horizationManagerBeforeMethodInterceptor : Authorizing method invocation ReflectiveMethodInvocation: public org.springframework.http.ResponseEntity ch.sectioninformatique.auth.user.UserController.authenticatedUser(); target is of class [ch.sectioninformatique.auth.user.UserController]
2025-10-23T08:44:05.599Z DEBUG 86 --- [spring-auth] [           main] horizationManagerBeforeMethodInterceptor : Authorized method invocation ReflectiveMethodInvocation: public org.springframework.http.ResponseEntity ch.sectioninformatique.auth.user.UserController.authenticatedUser(); target is of class [ch.sectioninformatique.auth.user.UserController]
]]></system-out>
  </testcase>
  <testcase name="revokeAdminRole_withRealData_shouldReturnSuccess" classname="ch.sectioninformatique.auth.user.UserControllerIntegrationTest" time="0.024">
    <system-out><![CDATA[2025-10-23T08:44:05.614Z DEBUG 86 --- [spring-auth] [           main] o.s.security.web.FilterChainProxy        : Securing PUT /users/4/revoke-admin
2025-10-23T08:44:05.615Z DEBUG 86 --- [spring-auth] [           main] .s.s.w.s.ForceEagerSessionCreationFilter : Created session eagerly
2025-10-23T08:44:05.616Z DEBUG 86 --- [spring-auth] [           main] .s.ChangeSessionIdAuthenticationStrategy : Changed session id from 48
2025-10-23T08:44:05.617Z DEBUG 86 --- [spring-auth] [           main] w.c.HttpSessionSecurityContextRepository : Stored SecurityContextImpl [Authentication=UsernamePasswordAuthenticationToken [Principal=UserDto(id=3, firstName=Test, lastName=Admin, login=test.admin@test.com, token=eyJ0eXAiOiJKV1QiLCJhbGciOiJIUzI1NiJ9.eyJzdWIiOiJ0ZXN0LmFkbWluQHRlc3QuY29tIiwiZmlyc3ROYW1lIjoiVGVzdCIsImxhc3ROYW1lIjoiQWRtaW4iLCJtYWluUm9sZSI6IkFETUlOIiwiZXhwIjoxNzYxMjEyNjQ1LCJpYXQiOjE3NjEyMDkwNDV9.nwfk-J2pGrENcwjmUo-jJaZPdi8Gx5AfTsumD9jmZRc, refreshToken=null, mainRole=ADMIN, permissions=[SCOPE_openid, SCOPE_profile, SCOPE_email, SCOPE_User.Read]), Credentials=[PROTECTED], Authenticated=true, Details=null, Granted Authorities=[ROLE_ADMIN, user:delete, user:read, user:write, user:update, ROLE_ADMIN]]] to HttpSession [org.springframework.mock.web.MockHttpSession@498055a9]
2025-10-23T08:44:05.617Z DEBUG 86 --- [spring-auth] [           main] o.s.security.web.FilterChainProxy        : Secured PUT /users/4/revoke-admin
2025-10-23T08:44:05.617Z DEBUG 86 --- [spring-auth] [           main] horizationManagerBeforeMethodInterceptor : Authorizing method invocation ReflectiveMethodInvocation: public org.springframework.http.ResponseEntity ch.sectioninformatique.auth.user.UserController.revokeAdminRole(java.lang.Long); target is of class [ch.sectioninformatique.auth.user.UserController]
2025-10-23T08:44:05.618Z DEBUG 86 --- [spring-auth] [           main] horizationManagerBeforeMethodInterceptor : Authorized method invocation ReflectiveMethodInvocation: public org.springframework.http.ResponseEntity ch.sectioninformatique.auth.user.UserController.revokeAdminRole(java.lang.Long); target is of class [ch.sectioninformatique.auth.user.UserController]
]]></system-out>
  </testcase>
  <testcase name="promoteToManager_withMalformedToken_shouldReturnUnauthorized" classname="ch.sectioninformatique.auth.user.UserControllerIntegrationTest" time="0.015">
    <system-out><![CDATA[2025-10-23T08:44:05.638Z DEBUG 86 --- [spring-auth] [           main] o.s.security.web.FilterChainProxy        : Securing PUT /users/1/promote-manager
2025-10-23T08:44:05.639Z DEBUG 86 --- [spring-auth] [           main] .s.s.w.s.ForceEagerSessionCreationFilter : Created session eagerly
]]></system-out>
  </testcase>
  <testcase name="promoteToManager_userAlreadyManager_shouldReturnConflict" classname="ch.sectioninformatique.auth.user.UserControllerIntegrationTest" time="0.023">
    <system-out><![CDATA[2025-10-23T08:44:05.657Z DEBUG 86 --- [spring-auth] [           main] o.s.security.web.FilterChainProxy        : Securing PUT /users/2/promote-manager
2025-10-23T08:44:05.657Z DEBUG 86 --- [spring-auth] [           main] .s.s.w.s.ForceEagerSessionCreationFilter : Created session eagerly
2025-10-23T08:44:05.660Z DEBUG 86 --- [spring-auth] [           main] .s.ChangeSessionIdAuthenticationStrategy : Changed session id from 51
2025-10-23T08:44:05.660Z DEBUG 86 --- [spring-auth] [           main] w.c.HttpSessionSecurityContextRepository : Stored SecurityContextImpl [Authentication=UsernamePasswordAuthenticationToken [Principal=UserDto(id=3, firstName=Test, lastName=Admin, login=test.admin@test.com, token=eyJ0eXAiOiJKV1QiLCJhbGciOiJIUzI1NiJ9.eyJzdWIiOiJ0ZXN0LmFkbWluQHRlc3QuY29tIiwiZmlyc3ROYW1lIjoiVGVzdCIsImxhc3ROYW1lIjoiQWRtaW4iLCJtYWluUm9sZSI6IkFETUlOIiwiZXhwIjoxNzYxMjEyNjQ1LCJpYXQiOjE3NjEyMDkwNDV9.nwfk-J2pGrENcwjmUo-jJaZPdi8Gx5AfTsumD9jmZRc, refreshToken=null, mainRole=ADMIN, permissions=[SCOPE_openid, SCOPE_profile, SCOPE_email, SCOPE_User.Read]), Credentials=[PROTECTED], Authenticated=true, Details=null, Granted Authorities=[ROLE_ADMIN, user:delete, user:read, user:write, user:update, ROLE_ADMIN]]] to HttpSession [org.springframework.mock.web.MockHttpSession@4c77eb54]
2025-10-23T08:44:05.660Z DEBUG 86 --- [spring-auth] [           main] o.s.security.web.FilterChainProxy        : Secured PUT /users/2/promote-manager
2025-10-23T08:44:05.661Z DEBUG 86 --- [spring-auth] [           main] horizationManagerBeforeMethodInterceptor : Authorizing method invocation ReflectiveMethodInvocation: public org.springframework.http.ResponseEntity ch.sectioninformatique.auth.user.UserController.promoteToManager(java.lang.Long); target is of class [ch.sectioninformatique.auth.user.UserController]
2025-10-23T08:44:05.661Z DEBUG 86 --- [spring-auth] [           main] horizationManagerBeforeMethodInterceptor : Authorized method invocation ReflectiveMethodInvocation: public org.springframework.http.ResponseEntity ch.sectioninformatique.auth.user.UserController.promoteToManager(java.lang.Long); target is of class [ch.sectioninformatique.auth.user.UserController]
]]></system-out>
  </testcase>
  <testcase name="all_missingAuthorizationHeader_shouldReturnUnauthorized" classname="ch.sectioninformatique.auth.user.UserControllerIntegrationTest" time="0.01">
    <system-out><![CDATA[2025-10-23T08:44:05.675Z DEBUG 86 --- [spring-auth] [           main] o.s.security.web.FilterChainProxy        : Securing GET /users/all
2025-10-23T08:44:05.675Z DEBUG 86 --- [spring-auth] [           main] .s.s.w.s.ForceEagerSessionCreationFilter : Created session eagerly
2025-10-23T08:44:05.676Z DEBUG 86 --- [spring-auth] [           main] o.s.s.w.a.AnonymousAuthenticationFilter  : Set SecurityContextHolder to anonymous SecurityContext
2025-10-23T08:44:05.676Z DEBUG 86 --- [spring-auth] [           main] o.s.s.w.s.HttpSessionRequestCache        : Saved request http://localhost/users/all?continue to session
]]></system-out>
  </testcase>
  <testcase name="me_withMalformedToken_shouldReturnUnauthorized" classname="ch.sectioninformatique.auth.user.UserControllerIntegrationTest" time="0.012">
    <system-out><![CDATA[2025-10-23T08:44:05.685Z DEBUG 86 --- [spring-auth] [           main] o.s.security.web.FilterChainProxy        : Securing GET /users/me
2025-10-23T08:44:05.686Z DEBUG 86 --- [spring-auth] [           main] .s.s.w.s.ForceEagerSessionCreationFilter : Created session eagerly
]]></system-out>
  </testcase>
  <testcase name="all_withMalformedToken_shouldReturnUnauthorized" classname="ch.sectioninformatique.auth.user.UserControllerIntegrationTest" time="0.01">
    <system-out><![CDATA[2025-10-23T08:44:05.697Z DEBUG 86 --- [spring-auth] [           main] o.s.security.web.FilterChainProxy        : Securing GET /users/all
2025-10-23T08:44:05.697Z DEBUG 86 --- [spring-auth] [           main] .s.s.w.s.ForceEagerSessionCreationFilter : Created session eagerly
]]></system-out>
  </testcase>
  <testcase name="promoteToManager_userNotFound_shouldReturnNotFound" classname="ch.sectioninformatique.auth.user.UserControllerIntegrationTest" time="0.021">
    <system-out><![CDATA[2025-10-23T08:44:05.712Z DEBUG 86 --- [spring-auth] [           main] o.s.security.web.FilterChainProxy        : Securing PUT /users/9999/promote-manager
2025-10-23T08:44:05.712Z DEBUG 86 --- [spring-auth] [           main] .s.s.w.s.ForceEagerSessionCreationFilter : Created session eagerly
2025-10-23T08:44:05.714Z DEBUG 86 --- [spring-auth] [           main] .s.ChangeSessionIdAuthenticationStrategy : Changed session id from 56
2025-10-23T08:44:05.714Z DEBUG 86 --- [spring-auth] [           main] w.c.HttpSessionSecurityContextRepository : Stored SecurityContextImpl [Authentication=UsernamePasswordAuthenticationToken [Principal=UserDto(id=3, firstName=Test, lastName=Admin, login=test.admin@test.com, token=eyJ0eXAiOiJKV1QiLCJhbGciOiJIUzI1NiJ9.eyJzdWIiOiJ0ZXN0LmFkbWluQHRlc3QuY29tIiwiZmlyc3ROYW1lIjoiVGVzdCIsImxhc3ROYW1lIjoiQWRtaW4iLCJtYWluUm9sZSI6IkFETUlOIiwiZXhwIjoxNzYxMjEyNjQ1LCJpYXQiOjE3NjEyMDkwNDV9.nwfk-J2pGrENcwjmUo-jJaZPdi8Gx5AfTsumD9jmZRc, refreshToken=null, mainRole=ADMIN, permissions=[SCOPE_openid, SCOPE_profile, SCOPE_email, SCOPE_User.Read]), Credentials=[PROTECTED], Authenticated=true, Details=null, Granted Authorities=[ROLE_ADMIN, user:delete, user:read, user:write, user:update, ROLE_ADMIN]]] to HttpSession [org.springframework.mock.web.MockHttpSession@1690283c]
2025-10-23T08:44:05.715Z DEBUG 86 --- [spring-auth] [           main] o.s.security.web.FilterChainProxy        : Secured PUT /users/9999/promote-manager
2025-10-23T08:44:05.715Z DEBUG 86 --- [spring-auth] [           main] horizationManagerBeforeMethodInterceptor : Authorizing method invocation ReflectiveMethodInvocation: public org.springframework.http.ResponseEntity ch.sectioninformatique.auth.user.UserController.promoteToManager(java.lang.Long); target is of class [ch.sectioninformatique.auth.user.UserController]
2025-10-23T08:44:05.715Z DEBUG 86 --- [spring-auth] [           main] horizationManagerBeforeMethodInterceptor : Authorized method invocation ReflectiveMethodInvocation: public org.springframework.http.ResponseEntity ch.sectioninformatique.auth.user.UserController.promoteToManager(java.lang.Long); target is of class [ch.sectioninformatique.auth.user.UserController]
]]></system-out>
  </testcase>
  <testcase name="promoteToManager_asNonAdmin_shouldReturnForbidden" classname="ch.sectioninformatique.auth.user.UserControllerIntegrationTest" time="0.017">
    <system-out><![CDATA[2025-10-23T08:44:05.732Z DEBUG 86 --- [spring-auth] [           main] o.s.security.web.FilterChainProxy        : Securing PUT /users/1/promote-manager
2025-10-23T08:44:05.732Z DEBUG 86 --- [spring-auth] [           main] .s.s.w.s.ForceEagerSessionCreationFilter : Created session eagerly
2025-10-23T08:44:05.735Z DEBUG 86 --- [spring-auth] [           main] .s.ChangeSessionIdAuthenticationStrategy : Changed session id from 58
2025-10-23T08:44:05.735Z DEBUG 86 --- [spring-auth] [           main] w.c.HttpSessionSecurityContextRepository : Stored SecurityContextImpl [Authentication=UsernamePasswordAuthenticationToken [Principal=UserDto(id=1, firstName=Test, lastName=User, login=test.user@test.com, token=eyJ0eXAiOiJKV1QiLCJhbGciOiJIUzI1NiJ9.eyJzdWIiOiJ0ZXN0LnVzZXJAdGVzdC5jb20iLCJmaXJzdE5hbWUiOiJUZXN0IiwibGFzdE5hbWUiOiJVc2VyIiwibWFpblJvbGUiOiJVU0VSIiwiZXhwIjoxNzYxMjEyNjQ1LCJpYXQiOjE3NjEyMDkwNDV9.r5gsR64t9rAYFPO-jR7IDZL5PSwhlnWIJOQ0TJaOcxw, refreshToken=null, mainRole=USER, permissions=[SCOPE_openid, SCOPE_profile, SCOPE_email, SCOPE_User.Read]), Credentials=[PROTECTED], Authenticated=true, Details=null, Granted Authorities=[ROLE_USER, ROLE_USER, user:read]]] to HttpSession [org.springframework.mock.web.MockHttpSession@6d9482a3]
2025-10-23T08:44:05.735Z DEBUG 86 --- [spring-auth] [           main] o.s.security.web.FilterChainProxy        : Secured PUT /users/1/promote-manager
2025-10-23T08:44:05.736Z DEBUG 86 --- [spring-auth] [           main] horizationManagerBeforeMethodInterceptor : Authorizing method invocation ReflectiveMethodInvocation: public org.springframework.http.ResponseEntity ch.sectioninformatique.auth.user.UserController.promoteToManager(java.lang.Long); target is of class [ch.sectioninformatique.auth.user.UserController]
2025-10-23T08:44:05.736Z DEBUG 86 --- [spring-auth] [           main] horizationManagerBeforeMethodInterceptor : Failed to authorize ReflectiveMethodInvocation: public org.springframework.http.ResponseEntity ch.sectioninformatique.auth.user.UserController.promoteToManager(java.lang.Long); target is of class [ch.sectioninformatique.auth.user.UserController] with authorization manager org.springframework.security.authorization.ObservationAuthorizationManager@34f8564d and decision ExpressionAuthorizationDecision [granted=false, expressionAttribute=hasAuthority('user:update')]
]]></system-out>
  </testcase>
  <testcase name="deleteUser_withRealData_shouldReturnSuccess" classname="ch.sectioninformatique.auth.user.UserControllerIntegrationTest" time="0.039">
    <system-out><![CDATA[2025-10-23T08:44:05.752Z DEBUG 86 --- [spring-auth] [           main] o.s.security.web.FilterChainProxy        : Securing DELETE /users/1
2025-10-23T08:44:05.752Z DEBUG 86 --- [spring-auth] [           main] .s.s.w.s.ForceEagerSessionCreationFilter : Created session eagerly
2025-10-23T08:44:05.754Z DEBUG 86 --- [spring-auth] [           main] .s.ChangeSessionIdAuthenticationStrategy : Changed session id from 60
2025-10-23T08:44:05.754Z DEBUG 86 --- [spring-auth] [           main] w.c.HttpSessionSecurityContextRepository : Stored SecurityContextImpl [Authentication=UsernamePasswordAuthenticationToken [Principal=UserDto(id=3, firstName=Test, lastName=Admin, login=test.admin@test.com, token=eyJ0eXAiOiJKV1QiLCJhbGciOiJIUzI1NiJ9.eyJzdWIiOiJ0ZXN0LmFkbWluQHRlc3QuY29tIiwiZmlyc3ROYW1lIjoiVGVzdCIsImxhc3ROYW1lIjoiQWRtaW4iLCJtYWluUm9sZSI6IkFETUlOIiwiZXhwIjoxNzYxMjEyNjQ1LCJpYXQiOjE3NjEyMDkwNDV9.nwfk-J2pGrENcwjmUo-jJaZPdi8Gx5AfTsumD9jmZRc, refreshToken=null, mainRole=ADMIN, permissions=[SCOPE_openid, SCOPE_profile, SCOPE_email, SCOPE_User.Read]), Credentials=[PROTECTED], Authenticated=true, Details=null, Granted Authorities=[ROLE_ADMIN, user:delete, user:read, user:write, user:update, ROLE_ADMIN]]] to HttpSession [org.springframework.mock.web.MockHttpSession@662e689a]
2025-10-23T08:44:05.755Z DEBUG 86 --- [spring-auth] [           main] o.s.security.web.FilterChainProxy        : Secured DELETE /users/1
2025-10-23T08:44:05.755Z DEBUG 86 --- [spring-auth] [           main] horizationManagerBeforeMethodInterceptor : Authorizing method invocation ReflectiveMethodInvocation: public org.springframework.http.ResponseEntity ch.sectioninformatique.auth.user.UserController.deleteUser(java.lang.Long); target is of class [ch.sectioninformatique.auth.user.UserController]
2025-10-23T08:44:05.756Z DEBUG 86 --- [spring-auth] [           main] horizationManagerBeforeMethodInterceptor : Authorized method invocation ReflectiveMethodInvocation: public org.springframework.http.ResponseEntity ch.sectioninformatique.auth.user.UserController.deleteUser(java.lang.Long); target is of class [ch.sectioninformatique.auth.user.UserController]
2025-10-23T08:44:05.774Z ERROR 86 --- [spring-auth] [           main] c.s.auth.user.UserService                : User not found with login: test.user@test.com
]]></system-out>
  </testcase>
  <testcase name="downgradeAdminRole_withRealData_shouldReturnSuccess" classname="ch.sectioninformatique.auth.user.UserControllerIntegrationTest" time="0.024">
    <system-out><![CDATA[2025-10-23T08:44:05.791Z DEBUG 86 --- [spring-auth] [           main] o.s.security.web.FilterChainProxy        : Securing PUT /users/4/downgrade-admin
2025-10-23T08:44:05.792Z DEBUG 86 --- [spring-auth] [           main] .s.s.w.s.ForceEagerSessionCreationFilter : Created session eagerly
2025-10-23T08:44:05.793Z DEBUG 86 --- [spring-auth] [           main] .s.ChangeSessionIdAuthenticationStrategy : Changed session id from 62
2025-10-23T08:44:05.793Z DEBUG 86 --- [spring-auth] [           main] w.c.HttpSessionSecurityContextRepository : Stored SecurityContextImpl [Authentication=UsernamePasswordAuthenticationToken [Principal=UserDto(id=3, firstName=Test, lastName=Admin, login=test.admin@test.com, token=eyJ0eXAiOiJKV1QiLCJhbGciOiJIUzI1NiJ9.eyJzdWIiOiJ0ZXN0LmFkbWluQHRlc3QuY29tIiwiZmlyc3ROYW1lIjoiVGVzdCIsImxhc3ROYW1lIjoiQWRtaW4iLCJtYWluUm9sZSI6IkFETUlOIiwiZXhwIjoxNzYxMjEyNjQ1LCJpYXQiOjE3NjEyMDkwNDV9.nwfk-J2pGrENcwjmUo-jJaZPdi8Gx5AfTsumD9jmZRc, refreshToken=null, mainRole=ADMIN, permissions=[SCOPE_openid, SCOPE_profile, SCOPE_email, SCOPE_User.Read]), Credentials=[PROTECTED], Authenticated=true, Details=null, Granted Authorities=[ROLE_ADMIN, user:delete, user:read, user:write, user:update, ROLE_ADMIN]]] to HttpSession [org.springframework.mock.web.MockHttpSession@1864d760]
2025-10-23T08:44:05.794Z DEBUG 86 --- [spring-auth] [           main] o.s.security.web.FilterChainProxy        : Secured PUT /users/4/downgrade-admin
2025-10-23T08:44:05.794Z DEBUG 86 --- [spring-auth] [           main] horizationManagerBeforeMethodInterceptor : Authorizing method invocation ReflectiveMethodInvocation: public org.springframework.http.ResponseEntity ch.sectioninformatique.auth.user.UserController.downgradeAdminRole(java.lang.Long); target is of class [ch.sectioninformatique.auth.user.UserController]
2025-10-23T08:44:05.795Z DEBUG 86 --- [spring-auth] [           main] horizationManagerBeforeMethodInterceptor : Authorized method invocation ReflectiveMethodInvocation: public org.springframework.http.ResponseEntity ch.sectioninformatique.auth.user.UserController.downgradeAdminRole(java.lang.Long); target is of class [ch.sectioninformatique.auth.user.UserController]
]]></system-out>
  </testcase>
  <testcase name="all_withRealData_shouldReturnSuccess" classname="ch.sectioninformatique.auth.user.UserControllerIntegrationTest" time="0.026">
    <system-out><![CDATA[2025-10-23T08:44:05.813Z DEBUG 86 --- [spring-auth] [           main] o.s.security.web.FilterChainProxy        : Securing GET /users/all
2025-10-23T08:44:05.814Z DEBUG 86 --- [spring-auth] [           main] .s.s.w.s.ForceEagerSessionCreationFilter : Created session eagerly
2025-10-23T08:44:05.814Z DEBUG 86 --- [spring-auth] [           main] .s.ChangeSessionIdAuthenticationStrategy : Changed session id from 64
2025-10-23T08:44:05.814Z DEBUG 86 --- [spring-auth] [           main] w.c.HttpSessionSecurityContextRepository : Stored SecurityContextImpl [Authentication=UsernamePasswordAuthenticationToken [Principal=UserDto(id=null, firstName=Test, lastName=User, login=test.user@test.com, token=null, refreshToken=null, mainRole=USER, permissions=null), Credentials=[PROTECTED], Authenticated=true, Details=null, Granted Authorities=[ROLE_USER, ROLE_USER, user:read]]] to HttpSession [org.springframework.mock.web.MockHttpSession@51c189d6]
2025-10-23T08:44:05.814Z DEBUG 86 --- [spring-auth] [           main] o.s.security.web.FilterChainProxy        : Secured GET /users/all
2025-10-23T08:44:05.815Z DEBUG 86 --- [spring-auth] [           main] horizationManagerBeforeMethodInterceptor : Authorizing method invocation ReflectiveMethodInvocation: public org.springframework.http.ResponseEntity ch.sectioninformatique.auth.user.UserController.allUsers(); target is of class [ch.sectioninformatique.auth.user.UserController]
2025-10-23T08:44:05.815Z DEBUG 86 --- [spring-auth] [           main] horizationManagerBeforeMethodInterceptor : Authorized method invocation ReflectiveMethodInvocation: public org.springframework.http.ResponseEntity ch.sectioninformatique.auth.user.UserController.allUsers(); target is of class [ch.sectioninformatique.auth.user.UserController]
]]></system-out>
  </testcase>
</testsuite>