<?xml version="1.0" encoding="UTF-8"?>
<testsuite xmlns:xsi="http://www.w3.org/2001/XMLSchema-instance" xsi:noNamespaceSchemaLocation="https://maven.apache.org/surefire/maven-surefire-plugin/xsd/surefire-test-report-3.0.xsd" version="3.0" name="ch.sectioninformatique.auth.user.UserControllerIntegrationTest" time="0.296" tests="8" errors="0" skipped="0" failures="0">
  <properties>
[...]
</properties>
  <testcase name="promoteToAdmin_withRealData_shouldReturnSuccess" classname="ch.sectioninformatique.auth.user.UserControllerIntegrationTest" time="0.064">
    <system-out><![CDATA[2025-10-22T06:18:06.884Z DEBUG 85 --- [spring-auth] [           main] o.s.security.web.FilterChainProxy        : Securing PUT /users/2/promote-admin
2025-10-22T06:18:06.885Z DEBUG 85 --- [spring-auth] [           main] .s.s.w.s.ForceEagerSessionCreationFilter : Created session eagerly
2025-10-22T06:18:06.887Z DEBUG 85 --- [spring-auth] [           main] .s.ChangeSessionIdAuthenticationStrategy : Changed session id from 28
2025-10-22T06:18:06.887Z DEBUG 85 --- [spring-auth] [           main] w.c.HttpSessionSecurityContextRepository : Stored SecurityContextImpl [Authentication=UsernamePasswordAuthenticationToken [Principal=UserDto(id=3, firstName=Test, lastName=Admin, login=test.admin@test.com, token=eyJ0eXAiOiJKV1QiLCJhbGciOiJIUzI1NiJ9.eyJzdWIiOiJ0ZXN0LmFkbWluQHRlc3QuY29tIiwiZmlyc3ROYW1lIjoiVGVzdCIsImxhc3ROYW1lIjoiQWRtaW4iLCJtYWluUm9sZSI6IkFETUlOIiwiZXhwIjoxNzYxMTE3NDg2LCJpYXQiOjE3NjExMTM4ODZ9.d066KWRtPQVm9dUNIIA_OHUwQpty0geudB1EIQzZbFo, refreshToken=null, mainRole=ADMIN, permissions=[SCOPE_openid, SCOPE_profile, SCOPE_email, SCOPE_User.Read]), Credentials=[PROTECTED], Authenticated=true, Details=null, Granted Authorities=[ROLE_ADMIN, user:delete, user:read, user:write, user:update, ROLE_ADMIN]]] to HttpSession [org.springframework.mock.web.MockHttpSession@1f0526fc]
2025-10-22T06:18:06.888Z DEBUG 85 --- [spring-auth] [           main] o.s.security.web.FilterChainProxy        : Secured PUT /users/2/promote-admin
2025-10-22T06:18:06.889Z DEBUG 85 --- [spring-auth] [           main] horizationManagerBeforeMethodInterceptor : Authorizing method invocation ReflectiveMethodInvocation: public org.springframework.http.ResponseEntity ch.sectioninformatique.auth.user.UserController.promoteToAdmin(java.lang.Long); target is of class [ch.sectioninformatique.auth.user.UserController]
2025-10-22T06:18:06.895Z DEBUG 85 --- [spring-auth] [           main] horizationManagerBeforeMethodInterceptor : Authorized method invocation ReflectiveMethodInvocation: public org.springframework.http.ResponseEntity ch.sectioninformatique.auth.user.UserController.promoteToAdmin(java.lang.Long); target is of class [ch.sectioninformatique.auth.user.UserController]
]]></system-out>
  </testcase>
  <testcase name="revokeManagerRole_withRealData_shouldReturnSuccess" classname="ch.sectioninformatique.auth.user.UserControllerIntegrationTest" time="0.043">
    <system-out><![CDATA[2025-10-22T06:18:06.945Z DEBUG 85 --- [spring-auth] [           main] o.s.security.web.FilterChainProxy        : Securing PUT /users/2/revoke-manager
2025-10-22T06:18:06.945Z DEBUG 85 --- [spring-auth] [           main] .s.s.w.s.ForceEagerSessionCreationFilter : Created session eagerly
2025-10-22T06:18:06.949Z DEBUG 85 --- [spring-auth] [           main] .s.ChangeSessionIdAuthenticationStrategy : Changed session id from 30
2025-10-22T06:18:06.949Z DEBUG 85 --- [spring-auth] [           main] w.c.HttpSessionSecurityContextRepository : Stored SecurityContextImpl [Authentication=UsernamePasswordAuthenticationToken [Principal=UserDto(id=3, firstName=Test, lastName=Admin, login=test.admin@test.com, token=eyJ0eXAiOiJKV1QiLCJhbGciOiJIUzI1NiJ9.eyJzdWIiOiJ0ZXN0LmFkbWluQHRlc3QuY29tIiwiZmlyc3ROYW1lIjoiVGVzdCIsImxhc3ROYW1lIjoiQWRtaW4iLCJtYWluUm9sZSI6IkFETUlOIiwiZXhwIjoxNzYxMTE3NDg2LCJpYXQiOjE3NjExMTM4ODZ9.d066KWRtPQVm9dUNIIA_OHUwQpty0geudB1EIQzZbFo, refreshToken=null, mainRole=ADMIN, permissions=[SCOPE_openid, SCOPE_profile, SCOPE_email, SCOPE_User.Read]), Credentials=[PROTECTED], Authenticated=true, Details=null, Granted Authorities=[ROLE_ADMIN, user:delete, user:read, user:write, user:update, ROLE_ADMIN]]] to HttpSession [org.springframework.mock.web.MockHttpSession@72d59de4]
2025-10-22T06:18:06.950Z DEBUG 85 --- [spring-auth] [           main] o.s.security.web.FilterChainProxy        : Secured PUT /users/2/revoke-manager
2025-10-22T06:18:06.951Z DEBUG 85 --- [spring-auth] [           main] horizationManagerBeforeMethodInterceptor : Authorizing method invocation ReflectiveMethodInvocation: public org.springframework.http.ResponseEntity ch.sectioninformatique.auth.user.UserController.revokeManagerRole(java.lang.Long); target is of class [ch.sectioninformatique.auth.user.UserController]
2025-10-22T06:18:06.952Z DEBUG 85 --- [spring-auth] [           main] horizationManagerBeforeMethodInterceptor : Authorized method invocation ReflectiveMethodInvocation: public org.springframework.http.ResponseEntity ch.sectioninformatique.auth.user.UserController.revokeManagerRole(java.lang.Long); target is of class [ch.sectioninformatique.auth.user.UserController]
]]></system-out>
  </testcase>
  <testcase name="promoteToManager_withRealData_shouldReturnSuccess" classname="ch.sectioninformatique.auth.user.UserControllerIntegrationTest" time="0.032">
    <system-out><![CDATA[2025-10-22T06:18:06.988Z DEBUG 85 --- [spring-auth] [           main] o.s.security.web.FilterChainProxy        : Securing PUT /users/1/promote-manager
2025-10-22T06:18:06.988Z DEBUG 85 --- [spring-auth] [           main] .s.s.w.s.ForceEagerSessionCreationFilter : Created session eagerly
2025-10-22T06:18:06.991Z DEBUG 85 --- [spring-auth] [           main] .s.ChangeSessionIdAuthenticationStrategy : Changed session id from 32
2025-10-22T06:18:06.991Z DEBUG 85 --- [spring-auth] [           main] w.c.HttpSessionSecurityContextRepository : Stored SecurityContextImpl [Authentication=UsernamePasswordAuthenticationToken [Principal=UserDto(id=3, firstName=Test, lastName=Admin, login=test.admin@test.com, token=eyJ0eXAiOiJKV1QiLCJhbGciOiJIUzI1NiJ9.eyJzdWIiOiJ0ZXN0LmFkbWluQHRlc3QuY29tIiwiZmlyc3ROYW1lIjoiVGVzdCIsImxhc3ROYW1lIjoiQWRtaW4iLCJtYWluUm9sZSI6IkFETUlOIiwiZXhwIjoxNzYxMTE3NDg2LCJpYXQiOjE3NjExMTM4ODZ9.d066KWRtPQVm9dUNIIA_OHUwQpty0geudB1EIQzZbFo, refreshToken=null, mainRole=ADMIN, permissions=[SCOPE_openid, SCOPE_profile, SCOPE_email, SCOPE_User.Read]), Credentials=[PROTECTED], Authenticated=true, Details=null, Granted Authorities=[ROLE_ADMIN, user:delete, user:read, user:write, user:update, ROLE_ADMIN]]] to HttpSession [org.springframework.mock.web.MockHttpSession@3773d26d]
2025-10-22T06:18:06.991Z DEBUG 85 --- [spring-auth] [           main] o.s.security.web.FilterChainProxy        : Secured PUT /users/1/promote-manager
2025-10-22T06:18:06.992Z DEBUG 85 --- [spring-auth] [           main] horizationManagerBeforeMethodInterceptor : Authorizing method invocation ReflectiveMethodInvocation: public org.springframework.http.ResponseEntity ch.sectioninformatique.auth.user.UserController.promoteToManager(java.lang.Long); target is of class [ch.sectioninformatique.auth.user.UserController]
2025-10-22T06:18:06.993Z DEBUG 85 --- [spring-auth] [           main] horizationManagerBeforeMethodInterceptor : Authorized method invocation ReflectiveMethodInvocation: public org.springframework.http.ResponseEntity ch.sectioninformatique.auth.user.UserController.promoteToManager(java.lang.Long); target is of class [ch.sectioninformatique.auth.user.UserController]
]]></system-out>
  </testcase>
  <testcase name="me_withRealData_shouldReturnSuccess" classname="ch.sectioninformatique.auth.user.UserControllerIntegrationTest" time="0.017">
    <system-out><![CDATA[2025-10-22T06:18:07.016Z DEBUG 85 --- [spring-auth] [           main] o.s.security.web.FilterChainProxy        : Securing GET /users/me
2025-10-22T06:18:07.017Z DEBUG 85 --- [spring-auth] [           main] .s.s.w.s.ForceEagerSessionCreationFilter : Created session eagerly
2025-10-22T06:18:07.017Z DEBUG 85 --- [spring-auth] [           main] .s.ChangeSessionIdAuthenticationStrategy : Changed session id from 34
2025-10-22T06:18:07.017Z DEBUG 85 --- [spring-auth] [           main] w.c.HttpSessionSecurityContextRepository : Stored SecurityContextImpl [Authentication=UsernamePasswordAuthenticationToken [Principal=UserDto(id=null, firstName=Test, lastName=User, login=test.user@test.com, token=null, refreshToken=null, mainRole=USER, permissions=null), Credentials=[PROTECTED], Authenticated=true, Details=null, Granted Authorities=[ROLE_USER, ROLE_USER, user:read]]] to HttpSession [org.springframework.mock.web.MockHttpSession@7a7508b4]
2025-10-22T06:18:07.017Z DEBUG 85 --- [spring-auth] [           main] o.s.security.web.FilterChainProxy        : Secured GET /users/me
2025-10-22T06:18:07.018Z DEBUG 85 --- [spring-auth] [           main] horizationManagerBeforeMethodInterceptor : Authorizing method invocation ReflectiveMethodInvocation: public org.springframework.http.ResponseEntity ch.sectioninformatique.auth.user.UserController.authenticatedUser(); target is of class [ch.sectioninformatique.auth.user.UserController]
2025-10-22T06:18:07.018Z DEBUG 85 --- [spring-auth] [           main] horizationManagerBeforeMethodInterceptor : Authorized method invocation ReflectiveMethodInvocation: public org.springframework.http.ResponseEntity ch.sectioninformatique.auth.user.UserController.authenticatedUser(); target is of class [ch.sectioninformatique.auth.user.UserController]
]]></system-out>
  </testcase>
  <testcase name="revokeAdminRole_withRealData_shouldReturnSuccess" classname="ch.sectioninformatique.auth.user.UserControllerIntegrationTest" time="0.025">
    <system-out><![CDATA[2025-10-22T06:18:07.036Z DEBUG 85 --- [spring-auth] [           main] o.s.security.web.FilterChainProxy        : Securing PUT /users/4/revoke-admin
2025-10-22T06:18:07.036Z DEBUG 85 --- [spring-auth] [           main] .s.s.w.s.ForceEagerSessionCreationFilter : Created session eagerly
2025-10-22T06:18:07.038Z DEBUG 85 --- [spring-auth] [           main] .s.ChangeSessionIdAuthenticationStrategy : Changed session id from 36
2025-10-22T06:18:07.038Z DEBUG 85 --- [spring-auth] [           main] w.c.HttpSessionSecurityContextRepository : Stored SecurityContextImpl [Authentication=UsernamePasswordAuthenticationToken [Principal=UserDto(id=3, firstName=Test, lastName=Admin, login=test.admin@test.com, token=eyJ0eXAiOiJKV1QiLCJhbGciOiJIUzI1NiJ9.eyJzdWIiOiJ0ZXN0LmFkbWluQHRlc3QuY29tIiwiZmlyc3ROYW1lIjoiVGVzdCIsImxhc3ROYW1lIjoiQWRtaW4iLCJtYWluUm9sZSI6IkFETUlOIiwiZXhwIjoxNzYxMTE3NDg3LCJpYXQiOjE3NjExMTM4ODd9.p1V_U0m2VHJrkzrCyD_MbSeErmhvK6QpTGmcorxrcwI, refreshToken=null, mainRole=ADMIN, permissions=[SCOPE_openid, SCOPE_profile, SCOPE_email, SCOPE_User.Read]), Credentials=[PROTECTED], Authenticated=true, Details=null, Granted Authorities=[ROLE_ADMIN, user:delete, user:read, user:write, user:update, ROLE_ADMIN]]] to HttpSession [org.springframework.mock.web.MockHttpSession@410e5a50]
2025-10-22T06:18:07.039Z DEBUG 85 --- [spring-auth] [           main] o.s.security.web.FilterChainProxy        : Secured PUT /users/4/revoke-admin
2025-10-22T06:18:07.039Z DEBUG 85 --- [spring-auth] [           main] horizationManagerBeforeMethodInterceptor : Authorizing method invocation ReflectiveMethodInvocation: public org.springframework.http.ResponseEntity ch.sectioninformatique.auth.user.UserController.revokeAdminRole(java.lang.Long); target is of class [ch.sectioninformatique.auth.user.UserController]
2025-10-22T06:18:07.039Z DEBUG 85 --- [spring-auth] [           main] horizationManagerBeforeMethodInterceptor : Authorized method invocation ReflectiveMethodInvocation: public org.springframework.http.ResponseEntity ch.sectioninformatique.auth.user.UserController.revokeAdminRole(java.lang.Long); target is of class [ch.sectioninformatique.auth.user.UserController]
]]></system-out>
  </testcase>
  <testcase name="deleteUser_withRealData_shouldReturnSuccess" classname="ch.sectioninformatique.auth.user.UserControllerIntegrationTest" time="0.043">
    <system-out><![CDATA[2025-10-22T06:18:07.062Z DEBUG 85 --- [spring-auth] [           main] o.s.security.web.FilterChainProxy        : Securing DELETE /users/1
2025-10-22T06:18:07.062Z DEBUG 85 --- [spring-auth] [           main] .s.s.w.s.ForceEagerSessionCreationFilter : Created session eagerly
2025-10-22T06:18:07.065Z DEBUG 85 --- [spring-auth] [           main] .s.ChangeSessionIdAuthenticationStrategy : Changed session id from 38
2025-10-22T06:18:07.065Z DEBUG 85 --- [spring-auth] [           main] w.c.HttpSessionSecurityContextRepository : Stored SecurityContextImpl [Authentication=UsernamePasswordAuthenticationToken [Principal=UserDto(id=3, firstName=Test, lastName=Admin, login=test.admin@test.com, token=eyJ0eXAiOiJKV1QiLCJhbGciOiJIUzI1NiJ9.eyJzdWIiOiJ0ZXN0LmFkbWluQHRlc3QuY29tIiwiZmlyc3ROYW1lIjoiVGVzdCIsImxhc3ROYW1lIjoiQWRtaW4iLCJtYWluUm9sZSI6IkFETUlOIiwiZXhwIjoxNzYxMTE3NDg3LCJpYXQiOjE3NjExMTM4ODd9.p1V_U0m2VHJrkzrCyD_MbSeErmhvK6QpTGmcorxrcwI, refreshToken=null, mainRole=ADMIN, permissions=[SCOPE_openid, SCOPE_profile, SCOPE_email, SCOPE_User.Read]), Credentials=[PROTECTED], Authenticated=true, Details=null, Granted Authorities=[ROLE_ADMIN, user:delete, user:read, user:write, user:update, ROLE_ADMIN]]] to HttpSession [org.springframework.mock.web.MockHttpSession@11199b67]
2025-10-22T06:18:07.065Z DEBUG 85 --- [spring-auth] [           main] o.s.security.web.FilterChainProxy        : Secured DELETE /users/1
2025-10-22T06:18:07.066Z DEBUG 85 --- [spring-auth] [           main] horizationManagerBeforeMethodInterceptor : Authorizing method invocation ReflectiveMethodInvocation: public org.springframework.http.ResponseEntity ch.sectioninformatique.auth.user.UserController.deleteUser(java.lang.Long); target is of class [ch.sectioninformatique.auth.user.UserController]
2025-10-22T06:18:07.066Z DEBUG 85 --- [spring-auth] [           main] horizationManagerBeforeMethodInterceptor : Authorized method invocation ReflectiveMethodInvocation: public org.springframework.http.ResponseEntity ch.sectioninformatique.auth.user.UserController.deleteUser(java.lang.Long); target is of class [ch.sectioninformatique.auth.user.UserController]
2025-10-22T06:18:07.087Z ERROR 85 --- [spring-auth] [           main] c.s.auth.user.UserService                : User not found with login: test.user@test.com
]]></system-out>
  </testcase>
  <testcase name="downgradeAdminRole_withRealData_shouldReturnSuccess" classname="ch.sectioninformatique.auth.user.UserControllerIntegrationTest" time="0.028">
    <system-out><![CDATA[2025-10-22T06:18:07.105Z DEBUG 85 --- [spring-auth] [           main] o.s.security.web.FilterChainProxy        : Securing PUT /users/4/downgrade-admin
2025-10-22T06:18:07.106Z DEBUG 85 --- [spring-auth] [           main] .s.s.w.s.ForceEagerSessionCreationFilter : Created session eagerly
2025-10-22T06:18:07.109Z DEBUG 85 --- [spring-auth] [           main] .s.ChangeSessionIdAuthenticationStrategy : Changed session id from 40
2025-10-22T06:18:07.109Z DEBUG 85 --- [spring-auth] [           main] w.c.HttpSessionSecurityContextRepository : Stored SecurityContextImpl [Authentication=UsernamePasswordAuthenticationToken [Principal=UserDto(id=3, firstName=Test, lastName=Admin, login=test.admin@test.com, token=eyJ0eXAiOiJKV1QiLCJhbGciOiJIUzI1NiJ9.eyJzdWIiOiJ0ZXN0LmFkbWluQHRlc3QuY29tIiwiZmlyc3ROYW1lIjoiVGVzdCIsImxhc3ROYW1lIjoiQWRtaW4iLCJtYWluUm9sZSI6IkFETUlOIiwiZXhwIjoxNzYxMTE3NDg3LCJpYXQiOjE3NjExMTM4ODd9.p1V_U0m2VHJrkzrCyD_MbSeErmhvK6QpTGmcorxrcwI, refreshToken=null, mainRole=ADMIN, permissions=[SCOPE_openid, SCOPE_profile, SCOPE_email, SCOPE_User.Read]), Credentials=[PROTECTED], Authenticated=true, Details=null, Granted Authorities=[ROLE_ADMIN, user:delete, user:read, user:write, user:update, ROLE_ADMIN]]] to HttpSession [org.springframework.mock.web.MockHttpSession@281a0671]
2025-10-22T06:18:07.109Z DEBUG 85 --- [spring-auth] [           main] o.s.security.web.FilterChainProxy        : Secured PUT /users/4/downgrade-admin
2025-10-22T06:18:07.110Z DEBUG 85 --- [spring-auth] [           main] horizationManagerBeforeMethodInterceptor : Authorizing method invocation ReflectiveMethodInvocation: public org.springframework.http.ResponseEntity ch.sectioninformatique.auth.user.UserController.downgradeAdminRole(java.lang.Long); target is of class [ch.sectioninformatique.auth.user.UserController]
2025-10-22T06:18:07.110Z DEBUG 85 --- [spring-auth] [           main] horizationManagerBeforeMethodInterceptor : Authorized method invocation ReflectiveMethodInvocation: public org.springframework.http.ResponseEntity ch.sectioninformatique.auth.user.UserController.downgradeAdminRole(java.lang.Long); target is of class [ch.sectioninformatique.auth.user.UserController]
]]></system-out>
  </testcase>
  <testcase name="all_withRealData_shouldReturnSuccess" classname="ch.sectioninformatique.auth.user.UserControllerIntegrationTest" time="0.023">
    <system-out><![CDATA[2025-10-22T06:18:07.132Z DEBUG 85 --- [spring-auth] [           main] o.s.security.web.FilterChainProxy        : Securing GET /users/all
2025-10-22T06:18:07.132Z DEBUG 85 --- [spring-auth] [           main] .s.s.w.s.ForceEagerSessionCreationFilter : Created session eagerly
2025-10-22T06:18:07.133Z DEBUG 85 --- [spring-auth] [           main] .s.ChangeSessionIdAuthenticationStrategy : Changed session id from 42
2025-10-22T06:18:07.133Z DEBUG 85 --- [spring-auth] [           main] w.c.HttpSessionSecurityContextRepository : Stored SecurityContextImpl [Authentication=UsernamePasswordAuthenticationToken [Principal=UserDto(id=null, firstName=Test, lastName=User, login=test.user@test.com, token=null, refreshToken=null, mainRole=USER, permissions=null), Credentials=[PROTECTED], Authenticated=true, Details=null, Granted Authorities=[ROLE_USER, ROLE_USER, user:read]]] to HttpSession [org.springframework.mock.web.MockHttpSession@3887bf5b]
2025-10-22T06:18:07.133Z DEBUG 85 --- [spring-auth] [           main] o.s.security.web.FilterChainProxy        : Secured GET /users/all
2025-10-22T06:18:07.134Z DEBUG 85 --- [spring-auth] [           main] horizationManagerBeforeMethodInterceptor : Authorizing method invocation ReflectiveMethodInvocation: public org.springframework.http.ResponseEntity ch.sectioninformatique.auth.user.UserController.allUsers(); target is of class [ch.sectioninformatique.auth.user.UserController]
2025-10-22T06:18:07.134Z DEBUG 85 --- [spring-auth] [           main] horizationManagerBeforeMethodInterceptor : Authorized method invocation ReflectiveMethodInvocation: public org.springframework.http.ResponseEntity ch.sectioninformatique.auth.user.UserController.allUsers(); target is of class [ch.sectioninformatique.auth.user.UserController]
]]></system-out>
  </testcase>
</testsuite>