<?xml version="1.0" encoding="UTF-8"?>
<testsuite xmlns:xsi="http://www.w3.org/2001/XMLSchema-instance" xsi:noNamespaceSchemaLocation="https://maven.apache.org/surefire/maven-surefire-plugin/xsd/surefire-test-report-3.0.xsd" version="3.0" name="ch.sectioninformatique.auth.TestConfigurationDebug" time="3.283" tests="1" errors="0" skipped="0" failures="0">
  <properties>
[...]
</properties>
  <testcase name="debugConfiguration" classname="ch.sectioninformatique.auth.TestConfigurationDebug" time="0.003">
    <system-out><![CDATA[
  .   ____          _            __ _ _
 /\\ / ___'_ __ _ _(_)_ __  __ _ \ \ \ \
( ( )\___ | '_ | '_| | '_ \/ _` | \ \ \ \
 \\/  ___)| |_)| | | | | || (_| |  ) ) ) )
  '  |____| .__|_| |_|_| |_\__, | / / / /
 =========|_|==============|___/=/_/_/_/

 :: Spring Boot ::                (v3.3.5)

2025-10-23T08:43:59.843Z  INFO 86 --- [spring-auth] [           main] c.s.auth.TestConfigurationDebug          : Starting TestConfigurationDebug using Java 21.0.7 with PID 86 (started by root in /app)
2025-10-23T08:43:59.843Z  INFO 86 --- [spring-auth] [           main] c.s.auth.TestConfigurationDebug          : The following 1 profile is active: "test"
2025-10-23T08:44:01.892Z DEBUG 86 --- [spring-auth] [           main] swordEncoderAuthenticationManagerBuilder : No authenticationProviders and no parentAuthenticationManager defined. Returning null.
2025-10-23T08:44:02.263Z DEBUG 86 --- [spring-auth] [           main] o.s.s.web.DefaultSecurityFilterChain     : Will secure any request with filters: DisableEncodeUrlFilter, ForceEagerSessionCreationFilter, WebAsyncManagerIntegrationFilter, SecurityContextHolderFilter, HeaderWriterFilter, CorsFilter, LogoutFilter, OAuth2AuthorizationRequestRedirectFilter, OAuth2LoginAuthenticationFilter, JwtAuthFilter, RequestCacheAwareFilter, SecurityContextHolderAwareRequestFilter, AnonymousAuthenticationFilter, SessionManagementFilter, ExceptionTranslationFilter, AuthorizationFilter
2025-10-23T08:44:02.782Z  INFO 86 --- [spring-auth] [           main] c.s.auth.TestConfigurationDebug          : Started TestConfigurationDebug in 3.003 seconds (process running for 31.304)
Starting User Seeding...
User Seeding completed.
Active profiles: test
Database URL: jdbc:mariadb://db:3306/test_db
Database Username: root
Database Password: pwd
Hibernate DDL Auto: create-drop
]]></system-out>
  </testcase>
</testsuite>